[2026-02-21T11:59:45.432Z] [Walmart] SKU: 5326288985 — PerimeterX CAPTCHA (Walmart)
[2026-02-21T12:02:14.295Z] [Attempt 1] [Amazon] SKU: B0789LZTCJ — Attempt 1 failed: mouse.move: Target page, context or browser has been closed
[2026-02-22T06:58:42.444Z] [Attempt 1] [Test] SKU: TEST — Attempt 1 failed: Failing intentionally
[2026-02-22T06:58:46.056Z] [Attempt 2] [Test] SKU: TEST — Attempt 2 failed: Failing intentionally
[2026-02-22T06:58:47.456Z] [Attempt 1] [Test] SKU: TEST — Attempt 1 failed: Always fails
[2026-02-22T06:58:51.248Z] [Attempt 2] [Test] SKU: TEST — Attempt 2 failed: Always fails
[2026-02-22T06:58:51.248Z] [Test] SKU: TEST — All retry attempts exhausted
[2026-02-22T07:00:05.731Z] [Attempt 1] [Test] SKU: TEST — Attempt 1 failed: Failing intentionally
[2026-02-22T07:00:06.066Z] [Attempt 2] [Test] SKU: TEST — Attempt 2 failed: Failing intentionally
[2026-02-22T07:00:07.020Z] [Attempt 1] [Test] SKU: TEST — Attempt 1 failed: Always fails
[2026-02-22T07:00:07.790Z] [Attempt 2] [Test] SKU: TEST — Attempt 2 failed: Always fails
[2026-02-22T07:00:07.790Z] [Test] SKU: TEST — All retry attempts exhausted
[2026-02-22T07:01:38.379Z] [Attempt 1] [Test] SKU: TEST — Attempt 1 failed: Failing intentionally
[2026-02-22T07:01:39.295Z] [Attempt 2] [Test] SKU: TEST — Attempt 2 failed: Failing intentionally
[2026-02-22T07:01:40.261Z] [Attempt 1] [Test] SKU: TEST — Attempt 1 failed: Always fails
[2026-02-22T07:01:40.660Z] [Attempt 2] [Test] SKU: TEST — Attempt 2 failed: Always fails
[2026-02-22T07:01:40.661Z] [Test] SKU: TEST — All retry attempts exhausted
[2026-02-22T07:02:17.000Z] [Attempt 1] [Test] SKU: TEST — Attempt 1 failed: Failing intentionally
[2026-02-22T07:02:17.501Z] [Attempt 2] [Test] SKU: TEST — Attempt 2 failed: Failing intentionally
[2026-02-22T07:02:18.041Z] [Attempt 1] [Test] SKU: TEST — Attempt 1 failed: Always fails
[2026-02-22T07:02:18.944Z] [Attempt 2] [Test] SKU: TEST — Attempt 2 failed: Always fails
[2026-02-22T07:02:19.855Z] [Attempt 3] [Test] SKU: TEST — Attempt 3 failed: Always fails
[2026-02-22T07:02:19.856Z] [Test] SKU: TEST — All retry attempts exhausted
[2026-02-22T07:02:19.857Z] [Attempt 1] [Test] SKU: TEST — Attempt 1 failed: Instant fail
[2026-02-22T07:02:19.857Z] [Test] SKU: TEST — All retry attempts exhausted
[2026-02-22T07:05:56.815Z] [Attempt 1] [Test] SKU: TEST — Attempt 1 failed: Failing intentionally
[2026-02-22T07:05:57.806Z] [Attempt 2] [Test] SKU: TEST — Attempt 2 failed: Failing intentionally
[2026-02-22T07:05:58.453Z] [Attempt 1] [Test] SKU: TEST — Attempt 1 failed: Always fails
[2026-02-22T07:05:58.791Z] [Attempt 2] [Test] SKU: TEST — Attempt 2 failed: Always fails
[2026-02-22T07:05:59.725Z] [Attempt 3] [Test] SKU: TEST — Attempt 3 failed: Always fails
[2026-02-22T07:05:59.726Z] [Test] SKU: TEST — All retry attempts exhausted
[2026-02-22T07:05:59.727Z] [Attempt 1] [Test] SKU: TEST — Attempt 1 failed: Instant fail
[2026-02-22T07:05:59.728Z] [Test] SKU: TEST — All retry attempts exhausted
